<?xml version="1.0" encoding="UTF-8"?>
<testsuite name="com.example.demo.DemoApplicationTests" tests="3" skipped="0" failures="0" errors="0" timestamp="2025-08-02T10:08:07" hostname="MacBook-Air-Milana.local" time="1.241">
  <properties/>
  <testcase name="testProdEnvironment()" classname="com.example.demo.DemoApplicationTests" time="0.97"/>
  <testcase name="testDevEnvironment()" classname="com.example.demo.DemoApplicationTests" time="0.258"/>
  <testcase name="contextLoads()" classname="com.example.demo.DemoApplicationTests" time="0.01"/>
  <system-out><![CDATA[13:07:56.781 [Test worker] INFO org.springframework.test.context.support.AnnotationConfigContextLoaderUtils -- Could not detect default configuration classes for test class [com.example.demo.DemoApplicationTests]: DemoApplicationTests does not declare any static, non-private, non-final, nested classes annotated with @Configuration.
13:07:56.847 [Test worker] INFO org.springframework.boot.test.context.SpringBootTestContextBootstrapper -- Found @SpringBootConfiguration com.example.demo.DemoApplication for test class com.example.demo.DemoApplicationTests
13:07:56.910 [Test worker] INFO org.testcontainers.images.PullPolicy -- Image pull policy will be performed by: DefaultPullPolicy()
13:07:56.913 [Test worker] INFO org.testcontainers.utility.ImageNameSubstitutor -- Image name substitution will be performed by: DefaultImageNameSubstitutor (composite of 'ConfigurationFileImageNameSubstitutor' and 'PrefixingImageNameSubstitutor')
13:07:57.025 [Test worker] INFO org.testcontainers.dockerclient.DockerClientProviderStrategy -- Loaded org.testcontainers.dockerclient.UnixSocketClientProviderStrategy from ~/.testcontainers.properties, will try it first
13:07:57.205 [Test worker] INFO org.testcontainers.dockerclient.DockerClientProviderStrategy -- Found Docker environment with local Unix socket (unix:///var/run/docker.sock)
13:07:57.206 [Test worker] INFO org.testcontainers.DockerClientFactory -- Docker host IP address is localhost
13:07:57.219 [Test worker] INFO org.testcontainers.DockerClientFactory -- Connected to docker: 
  Server Version: 28.3.2
  API Version: 1.51
  Operating System: Docker Desktop
  Total Memory: 3919 MB
13:07:57.275 [Test worker] INFO tc.testcontainers/ryuk:0.5.1 -- Creating container for image: testcontainers/ryuk:0.5.1
13:07:57.641 [Test worker] INFO tc.testcontainers/ryuk:0.5.1 -- Container testcontainers/ryuk:0.5.1 is starting: c988f1b223d454cd18c701c0101d7635e023a7b578a330aa43a81ffbdafc8f16
13:07:57.973 [Test worker] INFO tc.testcontainers/ryuk:0.5.1 -- Container testcontainers/ryuk:0.5.1 started in PT0.697706S
13:07:57.985 [Test worker] INFO org.testcontainers.utility.RyukResourceReaper -- Ryuk started - will monitor and terminate Testcontainers containers on JVM exit
13:07:57.986 [Test worker] INFO org.testcontainers.DockerClientFactory -- Checking the system...
13:07:57.986 [Test worker] INFO org.testcontainers.DockerClientFactory -- ✔︎ Docker server version should be at least 1.6.0
13:07:58.009 [Test worker] INFO tc.devapp:latest -- Creating container for image: devapp:latest
13:07:58.078 [Test worker] INFO tc.devapp:latest -- Container devapp:latest is starting: e88cde0087271d1f09d1bf1389e4f7db49509999fd1722b883057bbcdd4c179c
13:08:01.499 [Test worker] INFO tc.devapp:latest -- Container devapp:latest started in PT3.489093S
13:08:01.542 [Test worker] INFO tc.prodapp:latest -- Creating container for image: prodapp:latest
13:08:01.910 [Test worker] INFO tc.prodapp:latest -- Container prodapp:latest is starting: a1bae0f557ab4c24a8c9da91f97d6c4c95bbd6a0848f289865243fdf7e68652b
13:08:05.890 [Test worker] INFO tc.prodapp:latest -- Container prodapp:latest started in PT4.347799S

  .   ____          _            __ _ _
 /\\ / ___'_ __ _ _(_)_ __  __ _ \ \ \ \
( ( )\___ | '_ | '_| | '_ \/ _` | \ \ \ \
 \\/  ___)| |_)| | | | | || (_| |  ) ) ) )
  '  |____| .__|_| |_|_| |_\__, | / / / /
 =========|_|==============|___/=/_/_/_/
 :: Spring Boot ::                (v3.2.0)

2025-08-02T13:08:06.124+03:00  INFO 48974 --- [    Test worker] com.example.demo.DemoApplicationTests    : Starting DemoApplicationTests using Java 21.0.5 with PID 48974 (started by taga in /Users/taga/Desktop/Интеграционное тестирование)
2025-08-02T13:08:06.125+03:00  INFO 48974 --- [    Test worker] com.example.demo.DemoApplicationTests    : No active profile set, falling back to 1 default profile: "default"
2025-08-02T13:08:06.817+03:00  INFO 48974 --- [    Test worker] o.s.b.w.embedded.tomcat.TomcatWebServer  : Tomcat initialized with port 0 (http)
2025-08-02T13:08:06.823+03:00  INFO 48974 --- [    Test worker] o.apache.catalina.core.StandardService   : Starting service [Tomcat]
2025-08-02T13:08:06.824+03:00  INFO 48974 --- [    Test worker] o.apache.catalina.core.StandardEngine    : Starting Servlet engine: [Apache Tomcat/10.1.16]
2025-08-02T13:08:06.865+03:00  INFO 48974 --- [    Test worker] o.a.c.c.C.[Tomcat].[localhost].[/]       : Initializing Spring embedded WebApplicationContext
2025-08-02T13:08:06.866+03:00  INFO 48974 --- [    Test worker] w.s.c.ServletWebServerApplicationContext : Root WebApplicationContext: initialization completed in 723 ms
2025-08-02T13:08:07.155+03:00  INFO 48974 --- [    Test worker] o.s.b.w.embedded.tomcat.TomcatWebServer  : Tomcat started on port 64505 (http) with context path ''
2025-08-02T13:08:07.162+03:00  INFO 48974 --- [    Test worker] com.example.demo.DemoApplicationTests    : Started DemoApplicationTests in 1.221 seconds (process running for 10.969)
Prod response: Hello from PROD environment!
Dev response: Hello from DEV environment!
Hello from DEV environment!
]]></system-out>
  <system-err><![CDATA[WARNING: A Java agent has been loaded dynamically (/Users/taga/.gradle/caches/modules-2/files-2.1/net.bytebuddy/byte-buddy-agent/1.14.10/90ed94ac044ea8953b224304c762316e91fd6b31/byte-buddy-agent-1.14.10.jar)
WARNING: If a serviceability tool is in use, please run with -XX:+EnableDynamicAgentLoading to hide this warning
WARNING: If a serviceability tool is not in use, please run with -Djdk.instrument.traceUsage for more information
WARNING: Dynamic loading of agents will be disallowed by default in a future release
]]></system-err>
</testsuite>
